Start testing: Mar 06 20:43 CST
----------------------------------------------------------
22/163 Testing: t_byte_stream_construction
22/163 Test: t_byte_stream_construction
Command: "/home/runze/Programs/expProject102-953/build/tests/byte_stream_construction"
Directory: /home/runze/Programs/expProject102-953/build
"t_byte_stream_construction" start time: Mar 06 20:43 CST
Output:
----------------------------------------------------------
<end of output>
Test time =   0.00 sec
----------------------------------------------------------
Test Passed.
"t_byte_stream_construction" end time: Mar 06 20:43 CST
"t_byte_stream_construction" time elapsed: 00:00:00
----------------------------------------------------------

23/163 Testing: t_byte_stream_one_write
23/163 Test: t_byte_stream_one_write
Command: "/home/runze/Programs/expProject102-953/build/tests/byte_stream_one_write"
Directory: /home/runze/Programs/expProject102-953/build
"t_byte_stream_one_write" start time: Mar 06 20:43 CST
Output:
----------------------------------------------------------
<end of output>
Test time =   0.00 sec
----------------------------------------------------------
Test Passed.
"t_byte_stream_one_write" end time: Mar 06 20:43 CST
"t_byte_stream_one_write" time elapsed: 00:00:00
----------------------------------------------------------

24/163 Testing: t_byte_stream_two_writes
24/163 Test: t_byte_stream_two_writes
Command: "/home/runze/Programs/expProject102-953/build/tests/byte_stream_two_writes"
Directory: /home/runze/Programs/expProject102-953/build
"t_byte_stream_two_writes" start time: Mar 06 20:43 CST
Output:
----------------------------------------------------------
<end of output>
Test time =   0.00 sec
----------------------------------------------------------
Test Passed.
"t_byte_stream_two_writes" end time: Mar 06 20:43 CST
"t_byte_stream_two_writes" time elapsed: 00:00:00
----------------------------------------------------------

25/163 Testing: t_byte_stream_capacity
25/163 Test: t_byte_stream_capacity
Command: "/home/runze/Programs/expProject102-953/build/tests/byte_stream_capacity"
Directory: /home/runze/Programs/expProject102-953/build
"t_byte_stream_capacity" start time: Mar 06 20:43 CST
Output:
----------------------------------------------------------
<end of output>
Test time =   0.00 sec
----------------------------------------------------------
Test Passed.
"t_byte_stream_capacity" end time: Mar 06 20:43 CST
"t_byte_stream_capacity" time elapsed: 00:00:00
----------------------------------------------------------

26/163 Testing: t_byte_stream_many_writes
26/163 Test: t_byte_stream_many_writes
Command: "/home/runze/Programs/expProject102-953/build/tests/byte_stream_many_writes"
Directory: /home/runze/Programs/expProject102-953/build
"t_byte_stream_many_writes" start time: Mar 06 20:43 CST
Output:
----------------------------------------------------------
<end of output>
Test time =   0.07 sec
----------------------------------------------------------
Test Passed.
"t_byte_stream_many_writes" end time: Mar 06 20:43 CST
"t_byte_stream_many_writes" time elapsed: 00:00:00
----------------------------------------------------------

27/163 Testing: t_webget
27/163 Test: t_webget
Command: "/home/runze/Programs/expProject102-953/tests/webget_t.sh"
Directory: /home/runze/Programs/expProject102-953/build
"t_webget" start time: Mar 06 20:43 CST
Output:
----------------------------------------------------------
/home/runze/Programs/expProject102-953/tests/webget_t.sh: line 3: /headless/sponge/tap.sh: No such file or directory
Failed to start apache2.service: Interactive authentication required.
See system logs and 'systemctl status apache2.service' for details.
/home/runze/Programs/expProject102-953/tests/webget_t.sh: line 5: /var/www/html/xyzzy: No such file or directory
<end of output>
Test time =  10.01 sec
----------------------------------------------------------
Test Failed.
"t_webget" end time: Mar 06 20:43 CST
"t_webget" time elapsed: 00:00:10
----------------------------------------------------------

47/163 Testing: t_address_dt
47/163 Test: t_address_dt
Command: "/home/runze/Programs/expProject102-953/build/doctests/address_dt"
Directory: /home/runze/Programs/expProject102-953/build
"t_address_dt" start time: Mar 06 20:43 CST
Output:
----------------------------------------------------------
<end of output>
Test time =   0.01 sec
----------------------------------------------------------
Test Passed.
"t_address_dt" end time: Mar 06 20:43 CST
"t_address_dt" time elapsed: 00:00:00
----------------------------------------------------------

48/163 Testing: t_parser_dt
48/163 Test: t_parser_dt
Command: "/home/runze/Programs/expProject102-953/build/doctests/parser_dt"
Directory: /home/runze/Programs/expProject102-953/build
"t_parser_dt" start time: Mar 06 20:43 CST
Output:
----------------------------------------------------------
<end of output>
Test time =   0.00 sec
----------------------------------------------------------
Test Passed.
"t_parser_dt" end time: Mar 06 20:43 CST
"t_parser_dt" time elapsed: 00:00:00
----------------------------------------------------------

49/163 Testing: t_socket_dt
49/163 Test: t_socket_dt
Command: "/home/runze/Programs/expProject102-953/build/doctests/socket_dt"
Directory: /home/runze/Programs/expProject102-953/build
"t_socket_dt" start time: Mar 06 20:43 CST
Output:
----------------------------------------------------------
<end of output>
Test time =   0.02 sec
----------------------------------------------------------
Test Passed.
"t_socket_dt" end time: Mar 06 20:43 CST
"t_socket_dt" time elapsed: 00:00:00
----------------------------------------------------------

End testing: Mar 06 20:43 CST
